<?xml version="1.0" encoding="UTF-8"?>
<!-- Generated by org.testng.reporters.JUnitXMLReporter -->
<testsuite hostname="Chinna" name="Test" tests="13" failures="0" timestamp="19 Dec 2019 12:36:47 GMT" time="155.475" errors="0">
  <testcase name="loginpageTitleTest" time="0.025" classname="com.hrm.qa.TestCases.LoginPageTest"/>
  <testcase name="hrmlogoTest" time="0.278" classname="com.hrm.qa.TestCases.LoginPageTest"/>
  <testcase name="loginTest" time="5.262" classname="com.hrm.qa.TestCases.LoginPageTest"/>
  <testcase name="verifyHomePageTitleTest" time="0.025" classname="com.hrm.qa.TestCases.HomePageTest"/>
  <testcase name="verifyUsernameTest" time="0.109" classname="com.hrm.qa.TestCases.HomePageTest"/>
  <testcase name="verifyLeavelinkTest" time="1.974" classname="com.hrm.qa.TestCases.HomePageTest"/>
  <testcase name="verifyPIMpageLabelTest" time="0.184" classname="com.hrm.qa.TestCases.PIMpageTest"/>
  <testcase name="selectemployeebyIDTest" time="2.246" classname="com.hrm.qa.TestCases.PIMpageTest"/>
  <testcase name="selectMultiEmpIDSTest" time="2.644" classname="com.hrm.qa.TestCases.PIMpageTest"/>
  <testcase name="createnewempTest" time="3.343" classname="com.hrm.qa.TestCases.PIMpageTest"/>
  <testcase name="createnewempTest" time="3.144" classname="com.hrm.qa.TestCases.PIMpageTest"/>
  <testcase name="createnewempTest" time="3.061" classname="com.hrm.qa.TestCases.PIMpageTest"/>
  <testcase name="createnewempTest" time="3.071" classname="com.hrm.qa.TestCases.PIMpageTest"/>
</testsuite> <!-- Test -->
