<?xml version="1.0" encoding="UTF-8"?>
<testsuite name="TestSuite" time="20.214" tests="13" errors="0" skipped="0" failures="3">
  <properties>
[...]
</properties>
  <testcase name="loginpageTitleTest" classname="com.hrm.qa.TestCases.LoginPageTest" time="0.034"/>
  <testcase name="hrmlogoTest" classname="com.hrm.qa.TestCases.LoginPageTest" time="0.595"/>
  <testcase name="loginTest" classname="com.hrm.qa.TestCases.LoginPageTest" time="4.63"/>
  <testcase name="verifyHomePageTitleTest" classname="com.hrm.qa.TestCases.HomePageTest" time="0.126"/>
  <testcase name="verifyUsernameTest" classname="com.hrm.qa.TestCases.HomePageTest" time="0.059"/>
  <testcase name="verifyLeavelinkTest" classname="com.hrm.qa.TestCases.HomePageTest" time="2.997"/>
  <testcase name="verifyPIMpageLabelTest" classname="com.hrm.qa.TestCases.PIMpageTest" time="0.162"/>
  <testcase name="selectemployeebyIDTest" classname="com.hrm.qa.TestCases.PIMpageTest" time="2.225"/>
  <testcase name="selectMultiEmpIDSTest" classname="com.hrm.qa.TestCases.PIMpageTest" time="2.538"/>
  <testcase name="createnewempTest" classname="com.hrm.qa.TestCases.PIMpageTest" time="6.848">
    <failure message="stale element reference: element is not attached to the page document&#10;  (Session info: chrome=79.0.3945.79)&#10;For documentation on this error, please visit: https://www.seleniumhq.org/exceptions/stale_element_reference.html&#10;Build info: version: &apos;3.141.59&apos;, revision: &apos;e82be7d358&apos;, time: &apos;2018-11-14T08:17:03&apos;&#10;System info: host: &apos;CHINNA&apos;, ip: &apos;192.168.0.142&apos;, os.name: &apos;Windows 7&apos;, os.arch: &apos;amd64&apos;, os.version: &apos;6.1&apos;, java.version: &apos;1.8.0_102&apos;&#10;Driver info: org.openqa.selenium.chrome.ChromeDriver&#10;Capabilities {acceptInsecureCerts: false, browserName: chrome, browserVersion: 79.0.3945.79, chrome: {chromedriverVersion: 78.0.3904.70 (edb9c9f3de024..., userDataDir: C:\Users\Nagendra\AppData\L...}, goog:chromeOptions: {debuggerAddress: localhost:10730}, javascriptEnabled: true, networkConnectionEnabled: false, pageLoadStrategy: normal, platform: XP, platformName: XP, proxy: Proxy(), setWindowRect: true, strictFileInteractability: false, timeouts: {implicit: 0, pageLoad: 300000, script: 30000}, unhandledPromptBehavior: dismiss and notify}&#10;Session ID: 43322b822cfa476c5d196aff40a7947c" type="org.openqa.selenium.StaleElementReferenceException">org.openqa.selenium.StaleElementReferenceException: stale element reference: element is not attached to the page document
  (Session info: chrome=79.0.3945.79)
For documentation on this error, please visit: https://www.seleniumhq.org/exceptions/stale_element_reference.html
Build info: version: '3.141.59', revision: 'e82be7d358', time: '2018-11-14T08:17:03'
System info: host: 'CHINNA', ip: '192.168.0.142', os.name: 'Windows 7', os.arch: 'amd64', os.version: '6.1', java.version: '1.8.0_102'
Driver info: org.openqa.selenium.chrome.ChromeDriver
Capabilities {acceptInsecureCerts: false, browserName: chrome, browserVersion: 79.0.3945.79, chrome: {chromedriverVersion: 78.0.3904.70 (edb9c9f3de024..., userDataDir: C:\Users\Nagendra\AppData\L...}, goog:chromeOptions: {debuggerAddress: localhost:10730}, javascriptEnabled: true, networkConnectionEnabled: false, pageLoadStrategy: normal, platform: XP, platformName: XP, proxy: Proxy(), setWindowRect: true, strictFileInteractability: false, timeouts: {implicit: 0, pageLoad: 300000, script: 30000}, unhandledPromptBehavior: dismiss and notify}
Session ID: 43322b822cfa476c5d196aff40a7947c
	at sun.reflect.NativeConstructorAccessorImpl.newInstance0(Native Method)
	at sun.reflect.NativeConstructorAccessorImpl.newInstance(NativeConstructorAccessorImpl.java:62)
	at sun.reflect.DelegatingConstructorAccessorImpl.newInstance(DelegatingConstructorAccessorImpl.java:45)
	at java.lang.reflect.Constructor.newInstance(Constructor.java:423)
	at org.openqa.selenium.remote.http.W3CHttpResponseCodec.createException(W3CHttpResponseCodec.java:187)
	at org.openqa.selenium.remote.http.W3CHttpResponseCodec.decode(W3CHttpResponseCodec.java:122)
	at org.openqa.selenium.remote.http.W3CHttpResponseCodec.decode(W3CHttpResponseCodec.java:49)
	at org.openqa.selenium.remote.HttpCommandExecutor.execute(HttpCommandExecutor.java:158)
	at org.openqa.selenium.remote.service.DriverCommandExecutor.execute(DriverCommandExecutor.java:83)
	at org.openqa.selenium.remote.RemoteWebDriver.execute(RemoteWebDriver.java:552)
	at org.openqa.selenium.remote.RemoteWebElement.execute(RemoteWebElement.java:285)
	at org.openqa.selenium.remote.RemoteWebElement.sendKeys(RemoteWebElement.java:106)
	at sun.reflect.GeneratedMethodAccessor1.invoke(Unknown Source)
	at sun.reflect.DelegatingMethodAccessorImpl.invoke(DelegatingMethodAccessorImpl.java:43)
	at java.lang.reflect.Method.invoke(Method.java:498)
	at org.openqa.selenium.support.events.EventFiringWebDriver$EventFiringWebElement.lambda$new$0(EventFiringWebDriver.java:404)
	at com.sun.proxy.$Proxy11.sendKeys(Unknown Source)
	at org.openqa.selenium.support.events.EventFiringWebDriver$EventFiringWebElement.sendKeys(EventFiringWebDriver.java:429)
	at sun.reflect.GeneratedMethodAccessor1.invoke(Unknown Source)
	at sun.reflect.DelegatingMethodAccessorImpl.invoke(DelegatingMethodAccessorImpl.java:43)
	at java.lang.reflect.Method.invoke(Method.java:498)
	at org.openqa.selenium.support.pagefactory.internal.LocatingElementHandler.invoke(LocatingElementHandler.java:51)
	at com.sun.proxy.$Proxy10.sendKeys(Unknown Source)
	at com.hrm.qa.pages.PimPage.createNewEmp(PimPage.java:64)
	at com.hrm.qa.TestCases.PIMpageTest.createnewempTest(PIMpageTest.java:89)
</failure>
    <system-out><![CDATA[Trying to find Element By : By.name: txtUserName
Found Element By : By.name: txtUserName
Trying to find Element By : By.name: txtPassword
Found Element By : By.name: txtPassword
Trying to find Element By : By.name: Submit
Found Element By : By.name: Submit
Trying to click on: [[ChromeDriver: chrome on XP (43322b822cfa476c5d196aff40a7947c)] -> name: Submit]
Clicked on: [[ChromeDriver: chrome on XP (43322b822cfa476c5d196aff40a7947c)] -> name: Submit]
Trying to find Element By : By.linkText: PIM
Found Element By : By.linkText: PIM
Trying to find Element By : By.linkText: Add Employee
Found Element By : By.linkText: Add Employee
Trying to click on: [[ChromeDriver: chrome on XP (43322b822cfa476c5d196aff40a7947c)] -> link text: Add Employee]
Clicked on: [[ChromeDriver: chrome on XP (43322b822cfa476c5d196aff40a7947c)] -> link text: Add Employee]
Trying to find Element By : By.name: txtEmpLastName
Found Element By : By.name: txtEmpLastName
Exception occured: org.openqa.selenium.StaleElementReferenceException: stale element reference: element is not attached to the page document
  (Session info: chrome=79.0.3945.79)
For documentation on this error, please visit: https://www.seleniumhq.org/exceptions/stale_element_reference.html
Build info: version: '3.141.59', revision: 'e82be7d358', time: '2018-11-14T08:17:03'
System info: host: 'CHINNA', ip: '192.168.0.142', os.name: 'Windows 7', os.arch: 'amd64', os.version: '6.1', java.version: '1.8.0_102'
Driver info: org.openqa.selenium.chrome.ChromeDriver
Capabilities {acceptInsecureCerts: false, browserName: chrome, browserVersion: 79.0.3945.79, chrome: {chromedriverVersion: 78.0.3904.70 (edb9c9f3de024..., userDataDir: C:\Users\Nagendra\AppData\L...}, goog:chromeOptions: {debuggerAddress: localhost:10730}, javascriptEnabled: true, networkConnectionEnabled: false, pageLoadStrategy: normal, platform: XP, platformName: XP, proxy: Proxy(), setWindowRect: true, strictFileInteractability: false, timeouts: {implicit: 0, pageLoad: 300000, script: 30000}, unhandledPromptBehavior: dismiss and notify}
Session ID: 43322b822cfa476c5d196aff40a7947c
]]></system-out>
    <system-err><![CDATA[Starting ChromeDriver 78.0.3904.70 (edb9c9f3de0247fd912a77b7f6cae7447f6d3ad5-refs/branch-heads/3904@{#800}) on port 11542
Only local connections are allowed.
Please protect ports used by ChromeDriver and related test frameworks to prevent access by malicious code.
[1576761131.353][WARNING]: This version of ChromeDriver has not been tested with Chrome version 79.
Dec 19, 2019 6:42:16 PM org.openqa.selenium.remote.ProtocolHandshake createSession
INFO: Detected dialect: W3C
]]></system-err>
  </testcase>
  <testcase name="createnewempTest" classname="com.hrm.qa.TestCases.PIMpageTest" time="2.954"/>
  <testcase name="createnewempTest" classname="com.hrm.qa.TestCases.PIMpageTest" time="3.852">
    <failure message="element click intercepted: Element &lt;input type=&quot;button&quot; class=&quot;savebutton&quot; id=&quot;btnEdit&quot; onclick=&quot;addEmpMain(); return false;&quot; onmouseover=&quot;moverButton(this);&quot; onmouseout=&quot;moutButton(this);&quot; value=&quot;Save&quot; title=&quot;Save&quot;&gt; is not clickable at point (269, 206). Other element would receive the click: &lt;div class=&quot;mask&quot; id=&quot;wait_mask&quot; style=&quot;height: 305px; width: 940px; display: block;&quot;&gt;...&lt;/div&gt;&#10;  (Session info: chrome=79.0.3945.79)&#10;Build info: version: &apos;3.141.59&apos;, revision: &apos;e82be7d358&apos;, time: &apos;2018-11-14T08:17:03&apos;&#10;System info: host: &apos;CHINNA&apos;, ip: &apos;192.168.0.142&apos;, os.name: &apos;Windows 7&apos;, os.arch: &apos;amd64&apos;, os.version: &apos;6.1&apos;, java.version: &apos;1.8.0_102&apos;&#10;Driver info: org.openqa.selenium.chrome.ChromeDriver&#10;Capabilities {acceptInsecureCerts: false, browserName: chrome, browserVersion: 79.0.3945.79, chrome: {chromedriverVersion: 78.0.3904.70 (edb9c9f3de024..., userDataDir: C:\Users\Nagendra\AppData\L...}, goog:chromeOptions: {debuggerAddress: localhost:10807}, javascriptEnabled: true, networkConnectionEnabled: false, pageLoadStrategy: normal, platform: XP, platformName: XP, proxy: Proxy(), setWindowRect: true, strictFileInteractability: false, timeouts: {implicit: 0, pageLoad: 300000, script: 30000}, unhandledPromptBehavior: dismiss and notify}&#10;Session ID: 70cfe6ec75be00a5bd3530f78080a2e6" type="org.openqa.selenium.ElementClickInterceptedException"><![CDATA[org.openqa.selenium.ElementClickInterceptedException: element click intercepted: Element <input type="button" class="savebutton" id="btnEdit" onclick="addEmpMain(); return false;" onmouseover="moverButton(this);" onmouseout="moutButton(this);" value="Save" title="Save"> is not clickable at point (269, 206). Other element would receive the click: <div class="mask" id="wait_mask" style="height: 305px; width: 940px; display: block;">...</div>
  (Session info: chrome=79.0.3945.79)
Build info: version: '3.141.59', revision: 'e82be7d358', time: '2018-11-14T08:17:03'
System info: host: 'CHINNA', ip: '192.168.0.142', os.name: 'Windows 7', os.arch: 'amd64', os.version: '6.1', java.version: '1.8.0_102'
Driver info: org.openqa.selenium.chrome.ChromeDriver
Capabilities {acceptInsecureCerts: false, browserName: chrome, browserVersion: 79.0.3945.79, chrome: {chromedriverVersion: 78.0.3904.70 (edb9c9f3de024..., userDataDir: C:\Users\Nagendra\AppData\L...}, goog:chromeOptions: {debuggerAddress: localhost:10807}, javascriptEnabled: true, networkConnectionEnabled: false, pageLoadStrategy: normal, platform: XP, platformName: XP, proxy: Proxy(), setWindowRect: true, strictFileInteractability: false, timeouts: {implicit: 0, pageLoad: 300000, script: 30000}, unhandledPromptBehavior: dismiss and notify}
Session ID: 70cfe6ec75be00a5bd3530f78080a2e6
	at sun.reflect.NativeConstructorAccessorImpl.newInstance0(Native Method)
	at sun.reflect.NativeConstructorAccessorImpl.newInstance(NativeConstructorAccessorImpl.java:62)
	at sun.reflect.DelegatingConstructorAccessorImpl.newInstance(DelegatingConstructorAccessorImpl.java:45)
	at java.lang.reflect.Constructor.newInstance(Constructor.java:423)
	at org.openqa.selenium.remote.http.W3CHttpResponseCodec.createException(W3CHttpResponseCodec.java:187)
	at org.openqa.selenium.remote.http.W3CHttpResponseCodec.decode(W3CHttpResponseCodec.java:122)
	at org.openqa.selenium.remote.http.W3CHttpResponseCodec.decode(W3CHttpResponseCodec.java:49)
	at org.openqa.selenium.remote.HttpCommandExecutor.execute(HttpCommandExecutor.java:158)
	at org.openqa.selenium.remote.service.DriverCommandExecutor.execute(DriverCommandExecutor.java:83)
	at org.openqa.selenium.remote.RemoteWebDriver.execute(RemoteWebDriver.java:552)
	at org.openqa.selenium.remote.RemoteWebElement.execute(RemoteWebElement.java:285)
	at org.openqa.selenium.remote.RemoteWebElement.click(RemoteWebElement.java:84)
	at sun.reflect.GeneratedMethodAccessor6.invoke(Unknown Source)
	at sun.reflect.DelegatingMethodAccessorImpl.invoke(DelegatingMethodAccessorImpl.java:43)
	at java.lang.reflect.Method.invoke(Method.java:498)
	at org.openqa.selenium.support.events.EventFiringWebDriver$EventFiringWebElement.lambda$new$0(EventFiringWebDriver.java:404)
	at com.sun.proxy.$Proxy11.click(Unknown Source)
	at org.openqa.selenium.support.events.EventFiringWebDriver$EventFiringWebElement.click(EventFiringWebDriver.java:417)
	at sun.reflect.GeneratedMethodAccessor6.invoke(Unknown Source)
	at sun.reflect.DelegatingMethodAccessorImpl.invoke(DelegatingMethodAccessorImpl.java:43)
	at java.lang.reflect.Method.invoke(Method.java:498)
	at org.openqa.selenium.support.pagefactory.internal.LocatingElementHandler.invoke(LocatingElementHandler.java:51)
	at com.sun.proxy.$Proxy10.click(Unknown Source)
	at com.hrm.qa.pages.PimPage.createNewEmp(PimPage.java:68)
	at com.hrm.qa.TestCases.PIMpageTest.createnewempTest(PIMpageTest.java:89)
]]></failure>
    <system-out><![CDATA[Trying to find Element By : By.name: txtUserName
Found Element By : By.name: txtUserName
Trying to find Element By : By.name: txtPassword
Found Element By : By.name: txtPassword
Trying to find Element By : By.name: Submit
Found Element By : By.name: Submit
Trying to click on: [[ChromeDriver: chrome on XP (70cfe6ec75be00a5bd3530f78080a2e6)] -> name: Submit]
Clicked on: [[ChromeDriver: chrome on XP (70cfe6ec75be00a5bd3530f78080a2e6)] -> name: Submit]
Trying to find Element By : By.linkText: PIM
Found Element By : By.linkText: PIM
Trying to find Element By : By.linkText: Add Employee
Found Element By : By.linkText: Add Employee
Trying to click on: [[ChromeDriver: chrome on XP (70cfe6ec75be00a5bd3530f78080a2e6)] -> link text: Add Employee]
Clicked on: [[ChromeDriver: chrome on XP (70cfe6ec75be00a5bd3530f78080a2e6)] -> link text: Add Employee]
Trying to find Element By : By.name: txtEmpLastName
Found Element By : By.name: txtEmpLastName
Trying to find Element By : By.name: txtEmpFirstName
Found Element By : By.name: txtEmpFirstName
Trying to find Element By : By.name: txtEmpMiddleName
Found Element By : By.name: txtEmpMiddleName
Trying to find Element By : By.name: txtEmpNickName
Found Element By : By.name: txtEmpNickName
Trying to find Element By : By.xpath: /html/body/form/div/div[1]/div[2]/div[2]/input[1]
Found Element By : By.xpath: /html/body/form/div/div[1]/div[2]/div[2]/input[1]
Trying to click on: [[ChromeDriver: chrome on XP (70cfe6ec75be00a5bd3530f78080a2e6)] -> xpath: /html/body/form/div/div[1]/div[2]/div[2]/input[1]]
Exception occured: org.openqa.selenium.ElementClickInterceptedException: element click intercepted: Element <input type="button" class="savebutton" id="btnEdit" onclick="addEmpMain(); return false;" onmouseover="moverButton(this);" onmouseout="moutButton(this);" value="Save" title="Save"> is not clickable at point (269, 206). Other element would receive the click: <div class="mask" id="wait_mask" style="height: 305px; width: 940px; display: block;">...</div>
  (Session info: chrome=79.0.3945.79)
Build info: version: '3.141.59', revision: 'e82be7d358', time: '2018-11-14T08:17:03'
System info: host: 'CHINNA', ip: '192.168.0.142', os.name: 'Windows 7', os.arch: 'amd64', os.version: '6.1', java.version: '1.8.0_102'
Driver info: org.openqa.selenium.chrome.ChromeDriver
Capabilities {acceptInsecureCerts: false, browserName: chrome, browserVersion: 79.0.3945.79, chrome: {chromedriverVersion: 78.0.3904.70 (edb9c9f3de024..., userDataDir: C:\Users\Nagendra\AppData\L...}, goog:chromeOptions: {debuggerAddress: localhost:10807}, javascriptEnabled: true, networkConnectionEnabled: false, pageLoadStrategy: normal, platform: XP, platformName: XP, proxy: Proxy(), setWindowRect: true, strictFileInteractability: false, timeouts: {implicit: 0, pageLoad: 300000, script: 30000}, unhandledPromptBehavior: dismiss and notify}
Session ID: 70cfe6ec75be00a5bd3530f78080a2e6
]]></system-out>
    <system-err><![CDATA[Starting ChromeDriver 78.0.3904.70 (edb9c9f3de0247fd912a77b7f6cae7447f6d3ad5-refs/branch-heads/3904@{#800}) on port 5371
Only local connections are allowed.
Please protect ports used by ChromeDriver and related test frameworks to prevent access by malicious code.
[1576761180.026][WARNING]: This version of ChromeDriver has not been tested with Chrome version 79.
Dec 19, 2019 6:43:06 PM org.openqa.selenium.remote.ProtocolHandshake createSession
INFO: Detected dialect: W3C
]]></system-err>
  </testcase>
  <testcase name="createnewempTest" classname="com.hrm.qa.TestCases.PIMpageTest" time="4.511">
    <failure message="element click intercepted: Element &lt;input type=&quot;button&quot; class=&quot;savebutton&quot; id=&quot;btnEdit&quot; onclick=&quot;addEmpMain(); return false;&quot; onmouseover=&quot;moverButton(this);&quot; onmouseout=&quot;moutButton(this);&quot; value=&quot;Save&quot; title=&quot;Save&quot;&gt; is not clickable at point (269, 206). Other element would receive the click: &lt;div class=&quot;mask&quot; id=&quot;wait_mask&quot; style=&quot;height: 305px; width: 940px; display: block;&quot;&gt;...&lt;/div&gt;&#10;  (Session info: chrome=79.0.3945.79)&#10;Build info: version: &apos;3.141.59&apos;, revision: &apos;e82be7d358&apos;, time: &apos;2018-11-14T08:17:03&apos;&#10;System info: host: &apos;CHINNA&apos;, ip: &apos;192.168.0.142&apos;, os.name: &apos;Windows 7&apos;, os.arch: &apos;amd64&apos;, os.version: &apos;6.1&apos;, java.version: &apos;1.8.0_102&apos;&#10;Driver info: org.openqa.selenium.chrome.ChromeDriver&#10;Capabilities {acceptInsecureCerts: false, browserName: chrome, browserVersion: 79.0.3945.79, chrome: {chromedriverVersion: 78.0.3904.70 (edb9c9f3de024..., userDataDir: C:\Users\Nagendra\AppData\L...}, goog:chromeOptions: {debuggerAddress: localhost:10841}, javascriptEnabled: true, networkConnectionEnabled: false, pageLoadStrategy: normal, platform: XP, platformName: XP, proxy: Proxy(), setWindowRect: true, strictFileInteractability: false, timeouts: {implicit: 0, pageLoad: 300000, script: 30000}, unhandledPromptBehavior: dismiss and notify}&#10;Session ID: 4e90edac86a0689a5613c992ef3b02fd" type="org.openqa.selenium.ElementClickInterceptedException"><![CDATA[org.openqa.selenium.ElementClickInterceptedException: element click intercepted: Element <input type="button" class="savebutton" id="btnEdit" onclick="addEmpMain(); return false;" onmouseover="moverButton(this);" onmouseout="moutButton(this);" value="Save" title="Save"> is not clickable at point (269, 206). Other element would receive the click: <div class="mask" id="wait_mask" style="height: 305px; width: 940px; display: block;">...</div>
  (Session info: chrome=79.0.3945.79)
Build info: version: '3.141.59', revision: 'e82be7d358', time: '2018-11-14T08:17:03'
System info: host: 'CHINNA', ip: '192.168.0.142', os.name: 'Windows 7', os.arch: 'amd64', os.version: '6.1', java.version: '1.8.0_102'
Driver info: org.openqa.selenium.chrome.ChromeDriver
Capabilities {acceptInsecureCerts: false, browserName: chrome, browserVersion: 79.0.3945.79, chrome: {chromedriverVersion: 78.0.3904.70 (edb9c9f3de024..., userDataDir: C:\Users\Nagendra\AppData\L...}, goog:chromeOptions: {debuggerAddress: localhost:10841}, javascriptEnabled: true, networkConnectionEnabled: false, pageLoadStrategy: normal, platform: XP, platformName: XP, proxy: Proxy(), setWindowRect: true, strictFileInteractability: false, timeouts: {implicit: 0, pageLoad: 300000, script: 30000}, unhandledPromptBehavior: dismiss and notify}
Session ID: 4e90edac86a0689a5613c992ef3b02fd
	at sun.reflect.NativeConstructorAccessorImpl.newInstance0(Native Method)
	at sun.reflect.NativeConstructorAccessorImpl.newInstance(NativeConstructorAccessorImpl.java:62)
	at sun.reflect.DelegatingConstructorAccessorImpl.newInstance(DelegatingConstructorAccessorImpl.java:45)
	at java.lang.reflect.Constructor.newInstance(Constructor.java:423)
	at org.openqa.selenium.remote.http.W3CHttpResponseCodec.createException(W3CHttpResponseCodec.java:187)
	at org.openqa.selenium.remote.http.W3CHttpResponseCodec.decode(W3CHttpResponseCodec.java:122)
	at org.openqa.selenium.remote.http.W3CHttpResponseCodec.decode(W3CHttpResponseCodec.java:49)
	at org.openqa.selenium.remote.HttpCommandExecutor.execute(HttpCommandExecutor.java:158)
	at org.openqa.selenium.remote.service.DriverCommandExecutor.execute(DriverCommandExecutor.java:83)
	at org.openqa.selenium.remote.RemoteWebDriver.execute(RemoteWebDriver.java:552)
	at org.openqa.selenium.remote.RemoteWebElement.execute(RemoteWebElement.java:285)
	at org.openqa.selenium.remote.RemoteWebElement.click(RemoteWebElement.java:84)
	at sun.reflect.GeneratedMethodAccessor6.invoke(Unknown Source)
	at sun.reflect.DelegatingMethodAccessorImpl.invoke(DelegatingMethodAccessorImpl.java:43)
	at java.lang.reflect.Method.invoke(Method.java:498)
	at org.openqa.selenium.support.events.EventFiringWebDriver$EventFiringWebElement.lambda$new$0(EventFiringWebDriver.java:404)
	at com.sun.proxy.$Proxy11.click(Unknown Source)
	at org.openqa.selenium.support.events.EventFiringWebDriver$EventFiringWebElement.click(EventFiringWebDriver.java:417)
	at sun.reflect.GeneratedMethodAccessor6.invoke(Unknown Source)
	at sun.reflect.DelegatingMethodAccessorImpl.invoke(DelegatingMethodAccessorImpl.java:43)
	at java.lang.reflect.Method.invoke(Method.java:498)
	at org.openqa.selenium.support.pagefactory.internal.LocatingElementHandler.invoke(LocatingElementHandler.java:51)
	at com.sun.proxy.$Proxy10.click(Unknown Source)
	at com.hrm.qa.pages.PimPage.createNewEmp(PimPage.java:68)
	at com.hrm.qa.TestCases.PIMpageTest.createnewempTest(PIMpageTest.java:89)
]]></failure>
    <system-out><![CDATA[Trying to find Element By : By.name: txtUserName
Found Element By : By.name: txtUserName
Trying to find Element By : By.name: txtPassword
Found Element By : By.name: txtPassword
Trying to find Element By : By.name: Submit
Found Element By : By.name: Submit
Trying to click on: [[ChromeDriver: chrome on XP (4e90edac86a0689a5613c992ef3b02fd)] -> name: Submit]
Clicked on: [[ChromeDriver: chrome on XP (4e90edac86a0689a5613c992ef3b02fd)] -> name: Submit]
Trying to find Element By : By.linkText: PIM
Found Element By : By.linkText: PIM
Trying to find Element By : By.linkText: Add Employee
Found Element By : By.linkText: Add Employee
Trying to click on: [[ChromeDriver: chrome on XP (4e90edac86a0689a5613c992ef3b02fd)] -> link text: Add Employee]
Clicked on: [[ChromeDriver: chrome on XP (4e90edac86a0689a5613c992ef3b02fd)] -> link text: Add Employee]
Trying to find Element By : By.name: txtEmpLastName
Found Element By : By.name: txtEmpLastName
Trying to find Element By : By.name: txtEmpFirstName
Found Element By : By.name: txtEmpFirstName
Trying to find Element By : By.name: txtEmpMiddleName
Found Element By : By.name: txtEmpMiddleName
Trying to find Element By : By.name: txtEmpNickName
Found Element By : By.name: txtEmpNickName
Trying to find Element By : By.xpath: /html/body/form/div/div[1]/div[2]/div[2]/input[1]
Found Element By : By.xpath: /html/body/form/div/div[1]/div[2]/div[2]/input[1]
Trying to click on: [[ChromeDriver: chrome on XP (4e90edac86a0689a5613c992ef3b02fd)] -> xpath: /html/body/form/div/div[1]/div[2]/div[2]/input[1]]
Exception occured: org.openqa.selenium.ElementClickInterceptedException: element click intercepted: Element <input type="button" class="savebutton" id="btnEdit" onclick="addEmpMain(); return false;" onmouseover="moverButton(this);" onmouseout="moutButton(this);" value="Save" title="Save"> is not clickable at point (269, 206). Other element would receive the click: <div class="mask" id="wait_mask" style="height: 305px; width: 940px; display: block;">...</div>
  (Session info: chrome=79.0.3945.79)
Build info: version: '3.141.59', revision: 'e82be7d358', time: '2018-11-14T08:17:03'
System info: host: 'CHINNA', ip: '192.168.0.142', os.name: 'Windows 7', os.arch: 'amd64', os.version: '6.1', java.version: '1.8.0_102'
Driver info: org.openqa.selenium.chrome.ChromeDriver
Capabilities {acceptInsecureCerts: false, browserName: chrome, browserVersion: 79.0.3945.79, chrome: {chromedriverVersion: 78.0.3904.70 (edb9c9f3de024..., userDataDir: C:\Users\Nagendra\AppData\L...}, goog:chromeOptions: {debuggerAddress: localhost:10841}, javascriptEnabled: true, networkConnectionEnabled: false, pageLoadStrategy: normal, platform: XP, platformName: XP, proxy: Proxy(), setWindowRect: true, strictFileInteractability: false, timeouts: {implicit: 0, pageLoad: 300000, script: 30000}, unhandledPromptBehavior: dismiss and notify}
Session ID: 4e90edac86a0689a5613c992ef3b02fd
]]></system-out>
    <system-err><![CDATA[Starting ChromeDriver 78.0.3904.70 (edb9c9f3de0247fd912a77b7f6cae7447f6d3ad5-refs/branch-heads/3904@{#800}) on port 18984
Only local connections are allowed.
Please protect ports used by ChromeDriver and related test frameworks to prevent access by malicious code.
[1576761200.175][WARNING]: This version of ChromeDriver has not been tested with Chrome version 79.
Dec 19, 2019 6:43:27 PM org.openqa.selenium.remote.ProtocolHandshake createSession
INFO: Detected dialect: W3C
]]></system-err>
  </testcase>
</testsuite>